Сборка начата 06.04.2016 11:31:39.
     1>Проект "C:\Users\Андрей\Documents\GitHub\something\MTXCalculator\MTXCalculator\MTXCalculator\MTXCalculator.vcxproj" в узле 2 (целевые объекты Build).
     1>InitializeBuildStatus:
         Создание "Debug\MTXCalculator.tlog\unsuccessfulbuild", так как было задано "AlwaysCreate".
       ClCompile:
         Для всех выходных данных обновления не требуется.
         C:\Program Files (x86)\Microsoft Visual Studio 14.0\VC\bin\CL.exe /c /ZI /nologo /W3 /WX- /sdl /Od /Oy- /D WIN32 /D _DEBUG /D _WINDOWS /D _UNICODE /D UNICODE /Gm /EHsc /RTC1 /MDd /GS /fp:precise /Zc:wchar_t /Zc:forScope /Zc:inline /Yu"stdafx.h" /Fp"Debug\MTXCalculator.pch" /Fo"Debug\\" /Fd"Debug\vc140.pdb" /Gd /TP /analyze- /errorReport:prompt MTXCalculator.cpp
         MTXCalculator.cpp
       ResourceCompile:
         Для всех выходных данных обновления не требуется.
       Link:
         C:\Program Files (x86)\Microsoft Visual Studio 14.0\VC\bin\link.exe /ERRORREPORT:PROMPT /OUT:"C:\Users\Андрей\Documents\GitHub\something\MTXCalculator\MTXCalculator\Debug\MTXCalculator.exe" /INCREMENTAL /NOLOGO kernel32.lib user32.lib gdi32.lib winspool.lib comdlg32.lib advapi32.lib shell32.lib ole32.lib oleaut32.lib uuid.lib odbc32.lib odbccp32.lib /MANIFEST /MANIFESTUAC:"level='asInvoker' uiAccess='false'" /manifest:embed /Debug /PDB:"C:\Users\Андрей\Documents\GitHub\something\MTXCalculator\MTXCalculator\Debug\MTXCalculator.pdb" /SUBSYSTEM:WINDOWS /TLBID:1 /DYNAMICBASE /NXCOMPAT /IMPLIB:"C:\Users\Андрей\Documents\GitHub\something\MTXCalculator\MTXCalculator\Debug\MTXCalculator.lib" /MACHINE:X86 Debug\MTXCalculator.res
         Debug\MTXCalculator.obj
         Debug\stdafx.obj
         MTXCalculator.vcxproj -> C:\Users\Андрей\Documents\GitHub\something\MTXCalculator\MTXCalculator\Debug\MTXCalculator.exe
       FinalizeBuildStatus:
         Файл "Debug\MTXCalculator.tlog\unsuccessfulbuild" удаляется.
         Обращение к "Debug\MTXCalculator.tlog\MTXCalculator.lastbuildstate".
     1>Сборка проекта "C:\Users\Андрей\Documents\GitHub\something\MTXCalculator\MTXCalculator\MTXCalculator\MTXCalculator.vcxproj" завершена (целевые объекты Build).

Итоги по проекту:
     1076 мс вызовов   1 C:\Users\Андрей\Documents\GitHub\something\MTXCalculator\MTXCalculator\MTXCalculator\MTXCalculator.vcxproj
               1076 мс вызовов   1 Build                                   

Итоги по целям:
        0 мс вызовов   1 AfterBuild                              
        0 мс вызовов   1 _Manifest                               
        0 мс вызовов   1 _SelectedFiles                          
        0 мс вызовов   1 _PrepareForBuild                        
        0 мс вызовов   1 _Midl                                   
        0 мс вызовов   1 _ClCompile                              
        0 мс вызовов   1 FixupCLCompileOptions                   
        0 мс вызовов   1 GetReferenceAssemblyPaths               
        0 мс вызовов   1 CreateCustomManifestResourceNames       
        0 мс вызовов   1 BeforeLink                              
        0 мс вызовов   1 ComputeCLInputPDBName                   
        0 мс вызовов   1 AfterBuildCompileEvent                  
        0 мс вызовов   1 _BuildLinkAction                        
        0 мс вызовов   1 BeforeResourceCompile                   
        0 мс вызовов   1 AfterMidl                               
        0 мс вызовов   1 PreLinkEvent                            
        0 мс вызовов   1 GetResolvedWinMD                        
        0 мс вызовов   1 _CheckForCompileOutputs                 
        0 мс вызовов   1 SelectClCompile                         
        0 мс вызовов   1 ResolveReferences                       
        0 мс вызовов   1 BuildGenerateSources                    
        0 мс вызовов   1 _CopySourceItemsToOutputDirectory       
        0 мс вызовов   1 GetFrameworkPaths                       
        0 мс вызовов   1 AfterResourceCompile                    
        0 мс вызовов   1 _Xsd                                    
        0 мс вызовов   1 MakeDirsForBscMake                      
        0 мс вызовов   1 _ResourceCompile                        
        0 мс вызовов   1 _Deploy                                 
        0 мс вызовов   1 ComputeLinkInputsFromProject            
        0 мс вызовов   1 BuildLinkTraverse                       
        0 мс вызовов   1 _XdcMake                                
        0 мс вызовов   1 CreateSatelliteAssemblies               
        0 мс вызовов   1 SelectResourceCompile                   
        0 мс вызовов   1 ExpandSDKReferences                     
        0 мс вызовов   1 AfterBuildGenerateSources               
        0 мс вызовов   1 ComputeManifestGeneratedLinkerInputs    
        0 мс вызовов   1 _Link                                   
        0 мс вызовов   1 BeforeBuildGenerateSources              
        0 мс вызовов   1 ComputeMIDLGeneratedCompileInputs       
        0 мс вызовов   1 ResolvedXDCMake                         
        0 мс вызовов   1 BuildLink                               
        0 мс вызовов   1 _Appverifier                            
        0 мс вызовов   1 _BscMake                                
        0 мс вызовов   1 AfterClCompile                          
        0 мс вызовов   1 PreBuildEvent                           
        0 мс вызовов   1 ResolveSDKReferences                    
        0 мс вызовов   1 PrepareForRun                           
        0 мс вызовов   1 _ALink                                  
        0 мс вызовов   1 BeforeResolveReferences                 
        0 мс вызовов   1 AfterResolveReferences                  
        0 мс вызовов   1 ComputeCLGeneratedLinkInputs            
        0 мс вызовов   1 BeforeClCompile                         
        0 мс вызовов   1 AfterBuildGenerateSourcesEvent          
        0 мс вызовов   1 PrepareResourceNames                    
        0 мс вызовов   1 AfterLink                               
        0 мс вызовов   1 _BuildGenerateSourcesAction             
        0 мс вызовов   1 _BuildCompileAction                     
        0 мс вызовов   1 ComputeRCGeneratedLinkInputs            
        0 мс вызовов   1 MakeDirsForXdcMake                      
        0 мс вызовов   1 BuildGenerateSourcesTraverse            
        0 мс вызовов   1 _SplitProjectReferencesByFileExistence  
        0 мс вызовов   1 CopyFilesToOutputDirectory              
        0 мс вызовов   1 BuildCompileTraverse                    
        0 мс вызовов   1 ComputeLegacyManifestEmbedding          
        0 мс вызовов   1 SelectCustomBuild                       
        0 мс вызовов   1 ComputeCLOutputs                        
        1 мс вызовов   1 ComputeCLCompileGeneratedXDCFiles       
        1 мс вызовов   1 ResolveAssemblyReferences               
        1 мс вызовов   1 RegisterOutput                          
        1 мс вызовов   1 ComputeLinkImportLibraryOutputsForClean 
        1 мс вызовов   1 ComputeLinkSwitches                     
        1 мс вызовов   1 ComputeRCOutputs                        
        1 мс вызовов   1 ComputeCLCompileGeneratedSbrFiles       
        1 мс вызовов   1 DoLinkOutputFilesMatch                  
        1 мс вызовов   1 _PrepareForReferenceResolution          
        1 мс вызовов   1 PlatformPrepareForBuild                 
        1 мс вызовов   1 AssignTargetPaths                       
        1 мс вызовов   1 MakeDirsForResourceCompile              
        1 мс вызовов   1 Build                                   
        1 мс вызовов   1 ComputeManifestInputsTargets            
        1 мс вызовов   1 _GenerateSatelliteAssemblyInputs        
        1 мс вызовов   1 ComputeCustomBuildOutput                
        1 мс вызовов   1 MakeDirsForMidl                         
        1 мс вызовов   1 GetCopyToOutputDirectoryXamlAppDefs     
        1 мс вызовов   1 ComputeReferenceCLInput                 
        1 мс вызовов   1 PostBuildEvent                          
        1 мс вызовов   1 GetInstalledSDKLocations                
        1 мс вызовов   1 BuildCompile                            
        1 мс вызовов   1 GetCopyToOutputDirectoryItems           
        1 мс вызовов   1 MakeDirsForLink                         
        1 мс вызовов   1 WarnCompileDuplicatedFilename           
        1 мс вызовов   1 SetBuildDefaultEnvironmentVariables     
        1 мс вызовов   1 SplitResourcesByCulture                 
        1 мс вызовов   1 MakeDirsForCl                           
        1 мс вызовов   1 ResolveProjectReferences                
        2 мс вызовов   1 FinalizeBuildStatus                     
        3 мс вызовов   1 AssignProjectConfiguration              
        3 мс вызовов   1 _CheckForInvalidConfigurationAndPlatform
        4 мс вызовов   1 ResourceCompile                         
        4 мс вызовов   1 PrepareForBuild                         
        4 мс вызовов   1 InitializeBuildStatus                   
        5 мс вызовов   1 SetCABuildNativeEnvironmentVariables    
      240 мс вызовов   1 Link                                    
      792 мс вызовов   1 ClCompile                               

Сборка успешно завершена.

Затраченное время: 00:00:01.07
